<?xml version="1.0" encoding="UTF-8"?>
<!-- Generated by org.testng.reporters.JUnitXMLReporter -->
<testsuite hostname="EC2AMAZ-EC8CRPV" ignored="0" tests="5" failures="0" timestamp="2021-08-18T06:11:20 UTC" time="5.754" errors="0">
  <testcase name="delete_demo1" time="3.753" classname="APIDemo1"/>
  <testcase name="get_demo1" time="1.047" classname="APIDemo1"/>
  <testcase name="patch_demo1" time="0.328" classname="APIDemo1"/>
  <testcase name="post_demo1" time="0.282" classname="APIDemo1"/>
  <testcase name="put_demo1" time="0.265" classname="APIDemo1"/>
</testsuite>
